<?xml version="1.0" encoding="UTF-8"?>
<Site BuildName="Win32-mingw32-make"
	BuildStamp="20230712-0909-Experimental"
	Name="DESKTOP-3DTQGCM"
	Generator="ctest-3.26.4"
	CompilerName="C:/msys64/mingw64/bin/g++.exe"
	CompilerVersion="11.2.0"
	OSName="Windows"
	Hostname="DESKTOP-3DTQGCM"
	OSRelease=" Professional"
	OSVersion=" (Build 22621)"
	OSPlatform="AMD64"
	Is64Bits="1"
	VendorString="AuthenticAMD"
	VendorID="Advanced Micro Devices"
	FamilyID="15"
	ModelID="0"
	ProcessorCacheSize="64"
	NumberOfLogicalCPU="6"
	NumberOfPhysicalCPU="6"
	TotalVirtualMemory="13483"
	TotalPhysicalMemory="7581"
	LogicalProcessorsPerPhysical="1"
	ProcessorClockFrequency="2370"
	>
	<Testing>
		<StartDateTime>Jul 12 11:09 ora legale Europa occidentale</StartDateTime>
		<StartTestTime>1689152972</StartTestTime>
		<TestList/>
		<EndDateTime>Jul 12 11:09 ora legale Europa occidentale</EndDateTime>
		<EndTestTime>1689152972</EndTestTime>
		<ElapsedMinutes>0</ElapsedMinutes>
	</Testing>
</Site>
